2018-07-19 23:03:05,238 - 删除	102718038931_紫色系_5.jpg  ,  图片宽度	250  ,  图片大小	349
2018-07-19 23:03:07,784 - 删除	102918325033_白色系_4.jpg  ,  图片宽度	354  ,  图片大小	470
2018-07-19 23:03:08,650 - 删除	102718039174_白色系_7.jpg  ,  图片宽度	250  ,  图片大小	349
2018-07-19 23:03:10,416 - 删除	102718039174_白色系_6.jpg  ,  图片宽度	250  ,  图片大小	349
2018-07-19 23:03:14,259 - 删除	102718038931_紫色系_6.jpg  ,  图片宽度	250  ,  图片大小	349
2018-07-19 23:03:14,393 - 删除	102718326542_焦糖色系_3.jpg  ,  图片宽度	250  ,  图片大小	349
2018-07-19 23:03:17,330 - 删除	102718256830_粉色系_2.jpg  ,  图片宽度	250  ,  图片大小	349
2018-07-19 23:03:17,343 - 删除	102718151184_白色系_3.jpg  ,  图片宽度	250  ,  图片大小	349
2018-07-19 23:03:18,297 - 删除	102718258756_白色系_4.jpg  ,  图片宽度	250  ,  图片大小	349
2018-07-19 23:03:19,390 - 删除	102718256830_粉色系_3.jpg  ,  图片宽度	250  ,  图片大小	349
2018-07-19 23:03:19,439 - 删除	102718039174_白色系_5.jpg  ,  图片宽度	250  ,  图片大小	349
2018-07-19 23:03:22,659 - 删除	102718326542_焦糖色系_2.jpg  ,  图片宽度	250  ,  图片大小	349
2018-07-19 23:03:23,042 - 删除	102718038931_紫色系_7.jpg  ,  图片宽度	250  ,  图片大小	349
2018-07-19 23:08:35,517 - 删除	102718038931_紫色系_5.jpg  ,  图片宽度	250  ,  图片大小	349
2018-07-19 23:08:38,105 - 删除	102918325033_白色系_4.jpg  ,  图片宽度	354  ,  图片大小	470
2018-07-19 23:08:38,967 - 删除	102718039174_白色系_7.jpg  ,  图片宽度	250  ,  图片大小	349
2018-07-19 23:08:40,709 - 删除	102718039174_白色系_6.jpg  ,  图片宽度	250  ,  图片大小	349
2018-07-19 23:08:44,547 - 删除	102718038931_紫色系_6.jpg  ,  图片宽度	250  ,  图片大小	349
2018-07-19 23:08:44,690 - 删除	102718326542_焦糖色系_3.jpg  ,  图片宽度	250  ,  图片大小	349
2018-07-19 23:08:47,617 - 删除	102718256830_粉色系_2.jpg  ,  图片宽度	250  ,  图片大小	349
2018-07-19 23:08:47,633 - 删除	102718151184_白色系_3.jpg  ,  图片宽度	250  ,  图片大小	349
2018-07-19 23:08:48,554 - 删除	102718258756_白色系_4.jpg  ,  图片宽度	250  ,  图片大小	349
2018-07-19 23:08:49,535 - 删除	102718256830_粉色系_3.jpg  ,  图片宽度	250  ,  图片大小	349
2018-07-19 23:08:49,582 - 删除	102718039174_白色系_5.jpg  ,  图片宽度	250  ,  图片大小	349
2018-07-19 23:08:52,553 - 删除	102718326542_焦糖色系_2.jpg  ,  图片宽度	250  ,  图片大小	349
2018-07-19 23:08:52,890 - 删除	102718038931_紫色系_7.jpg  ,  图片宽度	250  ,  图片大小	349
2018-07-19 23:11:11,087 - 删除	102718038931_紫色系_5.jpg  ,  图片宽度	250  ,  图片大小	349
2018-07-19 23:11:13,586 - 删除	102918325033_白色系_4.jpg  ,  图片宽度	354  ,  图片大小	470
2018-07-19 23:11:14,470 - 删除	102718039174_白色系_7.jpg  ,  图片宽度	250  ,  图片大小	349
2018-07-19 23:11:16,293 - 删除	102718039174_白色系_6.jpg  ,  图片宽度	250  ,  图片大小	349
2018-07-19 23:11:20,241 - 删除	102718038931_紫色系_6.jpg  ,  图片宽度	250  ,  图片大小	349
2018-07-19 23:11:20,384 - 删除	102718326542_焦糖色系_3.jpg  ,  图片宽度	250  ,  图片大小	349
2018-07-19 23:11:23,505 - 删除	102718256830_粉色系_2.jpg  ,  图片宽度	250  ,  图片大小	349
2018-07-19 23:11:23,522 - 删除	102718151184_白色系_3.jpg  ,  图片宽度	250  ,  图片大小	349
2018-07-19 23:11:24,484 - 删除	102718258756_白色系_4.jpg  ,  图片宽度	250  ,  图片大小	349
2018-07-19 23:11:25,478 - 删除	102718256830_粉色系_3.jpg  ,  图片宽度	250  ,  图片大小	349
2018-07-19 23:11:25,525 - 删除	102718039174_白色系_5.jpg  ,  图片宽度	250  ,  图片大小	349
2018-07-19 23:11:28,823 - 删除	102718326542_焦糖色系_2.jpg  ,  图片宽度	250  ,  图片大小	349
2018-07-19 23:11:29,163 - 删除	102718038931_紫色系_7.jpg  ,  图片宽度	250  ,  图片大小	349
2018-07-19 23:12:24,186 - 删除	102718038931_紫色系_5.jpg  ,  图片宽度	250  ,  图片大小	349KB
2018-07-19 23:12:26,677 - 删除	102918325033_白色系_4.jpg  ,  图片宽度	354  ,  图片大小	470KB
2018-07-19 23:12:27,468 - 删除	102718039174_白色系_7.jpg  ,  图片宽度	250  ,  图片大小	349KB
2018-07-19 23:12:29,245 - 删除	102718039174_白色系_6.jpg  ,  图片宽度	250  ,  图片大小	349KB
2018-07-19 23:12:33,066 - 删除	102718038931_紫色系_6.jpg  ,  图片宽度	250  ,  图片大小	349KB
2018-07-19 23:12:33,208 - 删除	102718326542_焦糖色系_3.jpg  ,  图片宽度	250  ,  图片大小	349KB
2018-07-19 23:12:36,047 - 删除	102718256830_粉色系_2.jpg  ,  图片宽度	250  ,  图片大小	349KB
2018-07-19 23:12:36,062 - 删除	102718151184_白色系_3.jpg  ,  图片宽度	250  ,  图片大小	349KB
2018-07-19 23:12:37,080 - 删除	102718258756_白色系_4.jpg  ,  图片宽度	250  ,  图片大小	349KB
2018-07-19 23:12:38,156 - 删除	102718256830_粉色系_3.jpg  ,  图片宽度	250  ,  图片大小	349KB
2018-07-19 23:12:38,227 - 删除	102718039174_白色系_5.jpg  ,  图片宽度	250  ,  图片大小	349KB
2018-07-19 23:12:41,524 - 删除	102718326542_焦糖色系_2.jpg  ,  图片宽度	250  ,  图片大小	349KB
2018-07-19 23:12:41,836 - 删除	102718038931_紫色系_7.jpg  ,  图片宽度	250  ,  图片大小	349KB
2018-07-19 23:12:50,311 - 删除	102918325033_白色系_3.jpg  ,  图片宽度	354  ,  图片大小	470KB
2018-07-19 23:12:56,667 - 删除	102718256830_粉色系_4.jpg  ,  图片宽度	250  ,  图片大小	349KB
2018-07-19 23:12:56,682 - 删除	102718151184_白色系_5.jpg  ,  图片宽度	250  ,  图片大小	349KB
2018-07-19 23:12:56,836 - 删除	102718258756_白色系_2.jpg  ,  图片宽度	250  ,  图片大小	349KB
2018-07-19 23:12:57,595 - 删除	102718258756_白色系_3.jpg  ,  图片宽度	250  ,  图片大小	349KB
2018-07-19 23:12:57,760 - 删除	102718151184_白色系_4.jpg  ,  图片宽度	250  ,  图片大小	349KB
2018-07-19 23:13:00,844 - 删除	102718326542_焦糖色系_4.jpg  ,  图片宽度	250  ,  图片大小	349KB
2018-07-19 23:13:04,926 - 删除	102718146185_蓝色系_3.jpg  ,  图片宽度	250  ,  图片大小	349KB
2018-07-19 23:13:05,385 - 删除	102718158711_紫色系_5.jpg  ,  图片宽度	250  ,  图片大小	349KB
2018-07-19 23:13:06,603 - 删除	102718031297_黑色系_4.jpg  ,  图片宽度	250  ,  图片大小	349KB
2018-07-19 23:13:07,835 - 删除	102718158711_紫色系_4.jpg  ,  图片宽度	250  ,  图片大小	349KB
2018-07-19 23:13:15,193 - 删除	102718327367_蓝色系_4.jpg  ,  图片宽度	250  ,  图片大小	349KB
2018-07-19 23:13:25,299 - 删除	102718146185_蓝色系_5.jpg  ,  图片宽度	250  ,  图片大小	349KB
2018-07-19 23:13:25,562 - 删除	102718158711_紫色系_3.jpg  ,  图片宽度	250  ,  图片大小	349KB
2018-07-19 23:13:25,757 - 删除	102718031297_黑色系_2.jpg  ,  图片宽度	250  ,  图片大小	349KB
2018-07-19 23:13:27,270 - 删除	102718031297_黑色系_3.jpg  ,  图片宽度	250  ,  图片大小	349KB
2018-07-19 23:13:27,811 - 删除	102718146185_蓝色系_4.jpg  ,  图片宽度	250  ,  图片大小	349KB
2018-07-19 23:13:35,278 - 删除	102718327367_蓝色系_2.jpg  ,  图片宽度	250  ,  图片大小	349KB
2018-07-19 23:13:38,553 - 删除	102718327367_蓝色系_3.jpg  ,  图片宽度	250  ,  图片大小	349KB
2018-07-19 23:13:42,330 - 删除	102918321328_黑色系_3.jpg  ,  图片宽度	354  ,  图片大小	470KB
2018-07-19 23:13:53,821 - 删除	102718252071_白色系_3.jpg  ,  图片宽度	250  ,  图片大小	349KB
2018-07-19 23:13:55,897 - 删除	102718271698_多色系_4.jpg  ,  图片宽度	250  ,  图片大小	349KB
2018-07-19 23:13:56,207 - 删除	102718271698_多色系_5.jpg  ,  图片宽度	250  ,  图片大小	349KB
2018-07-19 23:14:10,351 - 删除	102918321328_黑色系_4.jpg  ,  图片宽度	354  ,  图片大小	470KB
2018-07-19 23:14:12,858 - 删除	102718252071_白色系_5.jpg  ,  图片宽度	250  ,  图片大小	349KB
2018-07-19 23:14:15,633 - 删除	102718271698_多色系_3.jpg  ,  图片宽度	250  ,  图片大小	349KB
2018-07-19 23:14:16,870 - 删除	102718252071_白色系_4.jpg  ,  图片宽度	250  ,  图片大小	349KB
2018-07-19 23:14:22,145 - 删除	102718016134_白色系_4.jpg  ,  图片宽度	250  ,  图片大小	349KB
2018-07-19 23:14:23,198 - 删除	102718128427_紫色系_5.jpg  ,  图片宽度	250  ,  图片大小	349KB
2018-07-19 23:14:25,707 - 删除	102718128427_紫色系_4.jpg  ,  图片宽度	250  ,  图片大小	349KB
2018-07-19 23:21:24,505 - 移动	102718038931_紫色系_5.jpg ,  图片宽度：250 ,  图片大小：349 KB
2018-07-19 23:21:27,073 - 移动	102918325033_白色系_4.jpg ,  图片宽度：354 ,  图片大小：470 KB
2018-07-19 23:21:27,927 - 移动	102718039174_白色系_7.jpg ,  图片宽度：250 ,  图片大小：349 KB
2018-07-19 23:25:34,025 - 移动	102718038931_紫色系_5.jpg ,  图片宽度：250 pixel ,  图片大小：349 KB
2018-07-19 23:25:36,422 - 移动	102918325033_白色系_4.jpg ,  图片宽度：354 pixel ,  图片大小：470 KB
2018-07-19 23:25:37,425 - 移动	102718039174_白色系_7.jpg ,  图片宽度：250 pixel ,  图片大小：349 KB
2018-07-19 23:25:39,217 - 移动	102718039174_白色系_6.jpg ,  图片宽度：250 pixel ,  图片大小：349 KB
2018-07-19 23:25:43,008 - 移动	102718038931_紫色系_6.jpg ,  图片宽度：250 pixel ,  图片大小：349 KB
2018-07-19 23:25:43,148 - 移动	102718326542_焦糖色系_3.jpg ,  图片宽度：250 pixel ,  图片大小：349 KB
2018-07-19 23:25:45,855 - 移动	102718256830_粉色系_2.jpg ,  图片宽度：250 pixel ,  图片大小：349 KB
2018-07-19 23:25:45,867 - 移动	102718151184_白色系_3.jpg ,  图片宽度：250 pixel ,  图片大小：349 KB
2018-07-19 23:25:46,740 - 移动	102718258756_白色系_4.jpg ,  图片宽度：250 pixel ,  图片大小：349 KB
2018-07-19 23:25:47,709 - 移动	102718256830_粉色系_3.jpg ,  图片宽度：250 pixel ,  图片大小：349 KB
2018-07-19 23:25:47,755 - 移动	102718039174_白色系_5.jpg ,  图片宽度：250 pixel ,  图片大小：349 KB
2018-07-19 23:25:50,609 - 移动	102718326542_焦糖色系_2.jpg ,  图片宽度：250 pixel ,  图片大小：349 KB
2018-07-19 23:25:50,906 - 移动	102718038931_紫色系_7.jpg ,  图片宽度：250 pixel ,  图片大小：349 KB
2018-07-19 23:25:58,700 - 移动	102918325033_白色系_3.jpg ,  图片宽度：354 pixel ,  图片大小：470 KB
2018-07-19 23:26:05,086 - 移动	102718256830_粉色系_4.jpg ,  图片宽度：250 pixel ,  图片大小：349 KB
2018-07-19 23:26:05,099 - 移动	102718151184_白色系_5.jpg ,  图片宽度：250 pixel ,  图片大小：349 KB
2018-07-19 23:26:05,302 - 移动	102718258756_白色系_2.jpg ,  图片宽度：250 pixel ,  图片大小：349 KB
2018-07-19 23:26:06,198 - 移动	102718258756_白色系_3.jpg ,  图片宽度：250 pixel ,  图片大小：349 KB
2018-07-19 23:26:06,381 - 移动	102718151184_白色系_4.jpg ,  图片宽度：250 pixel ,  图片大小：349 KB
2018-07-19 23:26:10,276 - 移动	102718326542_焦糖色系_4.jpg ,  图片宽度：250 pixel ,  图片大小：349 KB
2018-07-19 23:26:15,230 - 移动	102718146185_蓝色系_3.jpg ,  图片宽度：250 pixel ,  图片大小：349 KB
2018-07-19 23:26:15,737 - 移动	102718158711_紫色系_5.jpg ,  图片宽度：250 pixel ,  图片大小：349 KB
2018-07-19 23:26:17,136 - 移动	102718031297_黑色系_4.jpg ,  图片宽度：250 pixel ,  图片大小：349 KB
2018-07-19 23:26:18,389 - 移动	102718158711_紫色系_4.jpg ,  图片宽度：250 pixel ,  图片大小：349 KB
2018-07-19 23:26:26,328 - 移动	102718327367_蓝色系_4.jpg ,  图片宽度：250 pixel ,  图片大小：349 KB
2018-07-19 23:26:37,187 - 移动	102718146185_蓝色系_5.jpg ,  图片宽度：250 pixel ,  图片大小：349 KB
2018-07-19 23:26:37,456 - 移动	102718158711_紫色系_3.jpg ,  图片宽度：250 pixel ,  图片大小：349 KB
2018-07-19 23:26:37,633 - 移动	102718031297_黑色系_2.jpg ,  图片宽度：250 pixel ,  图片大小：349 KB
2018-07-19 23:26:39,122 - 移动	102718031297_黑色系_3.jpg ,  图片宽度：250 pixel ,  图片大小：349 KB
2018-07-19 23:26:39,684 - 移动	102718146185_蓝色系_4.jpg ,  图片宽度：250 pixel ,  图片大小：349 KB
2018-07-19 23:26:47,177 - 移动	102718327367_蓝色系_2.jpg ,  图片宽度：250 pixel ,  图片大小：349 KB
2018-07-19 23:26:50,227 - 移动	102718327367_蓝色系_3.jpg ,  图片宽度：250 pixel ,  图片大小：349 KB
2018-07-19 23:26:53,962 - 移动	102918321328_黑色系_3.jpg ,  图片宽度：354 pixel ,  图片大小：470 KB
2018-07-19 23:27:05,249 - 移动	102718252071_白色系_3.jpg ,  图片宽度：250 pixel ,  图片大小：349 KB
2018-07-19 23:27:07,317 - 移动	102718271698_多色系_4.jpg ,  图片宽度：250 pixel ,  图片大小：349 KB
2018-07-19 23:27:07,610 - 移动	102718271698_多色系_5.jpg ,  图片宽度：250 pixel ,  图片大小：349 KB
2018-07-19 23:27:21,467 - 移动	102918321328_黑色系_4.jpg ,  图片宽度：354 pixel ,  图片大小：470 KB
2018-07-19 23:27:23,886 - 移动	102718252071_白色系_5.jpg ,  图片宽度：250 pixel ,  图片大小：349 KB
2018-07-19 23:27:26,656 - 移动	102718271698_多色系_3.jpg ,  图片宽度：250 pixel ,  图片大小：349 KB
2018-07-19 23:27:27,839 - 移动	102718252071_白色系_4.jpg ,  图片宽度：250 pixel ,  图片大小：349 KB
2018-07-19 23:27:33,057 - 移动	102718016134_白色系_4.jpg ,  图片宽度：250 pixel ,  图片大小：349 KB
2018-07-19 23:27:34,089 - 移动	102718128427_紫色系_5.jpg ,  图片宽度：250 pixel ,  图片大小：349 KB
2018-07-19 23:27:36,568 - 移动	102718128427_紫色系_4.jpg ,  图片宽度：250 pixel ,  图片大小：349 KB
2018-07-19 23:27:52,732 - 移动	102718128427_紫色系_3.jpg ,  图片宽度：250 pixel ,  图片大小：349 KB
2018-07-19 23:27:56,100 - 移动	102718016134_白色系_3.jpg ,  图片宽度：250 pixel ,  图片大小：349 KB
2018-07-19 23:28:11,106 - 共移动   {} 张宽度小于750 px 的图片
