2018-07-21 12:56:49,175 - img :	 102718119901_黑色系_28.jpg upload wrong, message: "图片上传失败", status_code: 500
2018-07-21 12:56:49,429 - img :	 102718119901_黑色系_10.jpg upload wrong, message: "图片上传失败", status_code: 500
2018-07-21 12:56:49,740 - img :	 102718119901_黑色系_22.jpg upload wrong, message: "图片上传失败", status_code: 500
2018-07-21 12:56:50,066 - img :	 102718119901_黑色系_34.jpg upload wrong, message: "图片上传失败", status_code: 500
2018-07-21 12:56:50,401 - img :	 102718119901_黑色系_20.jpg upload wrong, message: "图片上传失败", status_code: 500
2018-07-21 12:56:50,649 - img :	 102718119901_黑色系_21.jpg upload wrong, message: "图片上传失败", status_code: 500
2018-07-21 12:56:50,894 - img :	 102718119901_黑色系_35.jpg upload wrong, message: "图片上传失败", status_code: 500
2018-07-21 12:56:51,172 - img :	 102718119901_黑色系_19.jpg upload wrong, message: "图片上传失败", status_code: 500
2018-07-21 12:56:51,631 - img :	 102718119901_黑色系_31.jpg upload wrong, message: "图片上传失败", status_code: 500
2018-07-21 12:56:51,916 - img :	 102718119901_黑色系_30.jpg upload wrong, message: "图片上传失败", status_code: 500
2018-07-21 12:56:52,260 - img :	 102718119901_黑色系_26.jpg upload wrong, message: "图片上传失败", status_code: 500
2018-07-21 12:56:52,572 - img :	 102718119901_黑色系_9.jpg upload wrong, message: "图片上传失败", status_code: 500
2018-07-21 12:56:52,891 - img :	 102718119901_黑色系_33.jpg upload wrong, message: "图片上传失败", status_code: 500
2018-07-21 12:56:52,898 - spu:	102718119901	上传了 0 张图
2018-07-21 12:56:52,898 - head_image:	 	102718119901
2018-07-21 12:56:53,158 - img :	 103018257377_灰色系_2.jpg upload wrong, message: "图片上传失败", status_code: 500
2018-07-21 12:56:53,479 - img :	 103018257377_灰色系_23.jpg upload wrong, message: "图片上传失败", status_code: 500
2018-07-21 12:56:54,432 - img :	 103018257377_灰色系_20.jpg upload wrong, message: "图片上传失败", status_code: 500
2018-07-21 12:56:54,724 - img :	 103018257377_灰色系_21.jpg upload wrong, message: "图片上传失败", status_code: 500
2018-07-21 12:56:55,945 - img :	 103018257377_灰色系_19.jpg upload wrong, message: "图片上传失败", status_code: 500
2018-07-21 12:56:56,187 - img :	 103018257377_灰色系_25.jpg upload wrong, message: "图片上传失败", status_code: 500
2018-07-21 12:56:56,418 - img :	 103018257377_灰色系_24.jpg upload wrong, message: "图片上传失败", status_code: 500
2018-07-21 12:56:56,720 - img :	 103018257377_灰色系_18.jpg upload wrong, message: "图片上传失败", status_code: 500
2018-07-21 12:56:56,985 - img :	 103018257377_灰色系_26.jpg upload wrong, message: "图片上传失败", status_code: 500
2018-07-21 12:56:57,257 - img :	 103018257377_灰色系_27.jpg upload wrong, message: "图片上传失败", status_code: 500
2018-07-21 12:56:57,544 - img :	 103018257377_灰色系_16.jpg upload wrong, message: "图片上传失败", status_code: 500
2018-07-21 12:56:57,845 - img :	 103018257377_灰色系_15.jpg upload wrong, message: "图片上传失败", status_code: 500
2018-07-21 12:56:58,108 - img :	 103018257377_灰色系_28.jpg upload wrong, message: "图片上传失败", status_code: 500
2018-07-21 12:56:58,364 - img :	 103018257377_灰色系_14.jpg upload wrong, message: "图片上传失败", status_code: 500
2018-07-21 12:56:58,632 - img :	 103018257377_灰色系_13.jpg upload wrong, message: "图片上传失败", status_code: 500
2018-07-21 12:56:58,643 - spu:	103018257377	上传了 0 张图
2018-07-21 12:56:58,643 - head_image:	 	103018257377
2018-07-21 12:56:58,929 - img :	 103118251856_蓝色系_28.jpg upload wrong, message: "图片上传失败", status_code: 500
2018-07-21 12:57:00,145 - img :	 103118251856_蓝色系_29.jpg upload wrong, message: "图片上传失败", status_code: 500
2018-07-21 12:57:00,473 - img :	 103118251856_蓝色系_17.jpg upload wrong, message: "图片上传失败", status_code: 500
2018-07-21 12:57:00,739 - img :	 103118251856_蓝色系_16.jpg upload wrong, message: "图片上传失败", status_code: 500
2018-07-21 12:57:00,998 - img :	 103118251856_蓝色系_39.jpg upload wrong, message: "图片上传失败", status_code: 500
2018-07-21 12:57:01,303 - img :	 103118251856_蓝色系_38.jpg upload wrong, message: "图片上传失败", status_code: 500
2018-07-21 12:57:01,537 - img :	 103118251856_蓝色系_35.jpg upload wrong, message: "图片上传失败", status_code: 500
2018-07-21 12:57:01,824 - img :	 103118251856_蓝色系_21.jpg upload wrong, message: "图片上传失败", status_code: 500
2018-07-21 12:57:02,475 - img :	 103118251856_蓝色系_20.jpg upload wrong, message: "图片上传失败", status_code: 500
2018-07-21 12:57:02,691 - img :	 103118251856_蓝色系_34.jpg upload wrong, message: "图片上传失败", status_code: 500
2018-07-21 12:57:02,936 - img :	 103118251856_蓝色系_22.jpg upload wrong, message: "图片上传失败", status_code: 500
2018-07-21 12:57:03,205 - img :	 103118251856_蓝色系_36.jpg upload wrong, message: "图片上传失败", status_code: 500
2018-07-21 12:57:03,465 - img :	 103118251856_蓝色系_37.jpg upload wrong, message: "图片上传失败", status_code: 500
2018-07-21 12:57:03,750 - img :	 103118251856_蓝色系_23.jpg upload wrong, message: "图片上传失败", status_code: 500
2018-07-21 12:57:04,145 - img :	 103118251856_蓝色系_27.jpg upload wrong, message: "图片上传失败", status_code: 500
2018-07-21 12:57:04,828 - img :	 103118251856_蓝色系_33.jpg upload wrong, message: "图片上传失败", status_code: 500
2018-07-21 12:57:05,165 - img :	 103118251856_蓝色系_32.jpg upload wrong, message: "图片上传失败", status_code: 500
2018-07-21 12:57:05,427 - img :	 103118251856_蓝色系_26.jpg upload wrong, message: "图片上传失败", status_code: 500
2018-07-21 12:57:05,669 - img :	 103118251856_蓝色系_18.jpg upload wrong, message: "图片上传失败", status_code: 500
2018-07-21 12:57:06,041 - img :	 103118251856_蓝色系_30.jpg upload wrong, message: "图片上传失败", status_code: 500
2018-07-21 12:57:06,310 - img :	 103118251856_蓝色系_24.jpg upload wrong, message: "图片上传失败", status_code: 500
2018-07-21 12:57:06,616 - img :	 103118251856_蓝色系_25.jpg upload wrong, message: "图片上传失败", status_code: 500
2018-07-21 12:57:07,181 - img :	 103118251856_蓝色系_31.jpg upload wrong, message: "图片上传失败", status_code: 500
2018-07-21 12:57:07,417 - img :	 103118251856_蓝色系_19.jpg upload wrong, message: "图片上传失败", status_code: 500
2018-07-21 12:57:07,418 - spu:	103118251856	上传了 0 张图
2018-07-21 12:57:07,418 - head_image:	 	103118251856
2018-07-21 12:57:07,686 - img :	 102718158711_紫色系_20.jpg upload wrong, message: "图片上传失败", status_code: 500
2018-07-21 12:57:07,965 - img :	 102718158711_紫色系_22.jpg upload wrong, message: "图片上传失败", status_code: 500
2018-07-21 12:57:08,473 - img :	 102718158711_紫色系_24.jpg upload wrong, message: "图片上传失败", status_code: 500
2018-07-21 12:58:08,390 - img :	 102718119901_黑色系_28.jpg upload wrong, message: "图片上传失败", status_code: 500
2018-07-21 12:58:08,889 - img :	 102718119901_黑色系_10.jpg upload wrong, message: "图片上传失败", status_code: 500
2018-07-21 12:58:09,296 - img :	 102718119901_黑色系_22.jpg upload wrong, message: "图片上传失败", status_code: 500
2018-07-21 12:58:09,662 - img :	 102718119901_黑色系_34.jpg upload wrong, message: "图片上传失败", status_code: 500
2018-07-21 12:58:10,426 - img :	 102718119901_黑色系_20.jpg upload wrong, message: "图片上传失败", status_code: 500
2018-07-21 12:58:14,419 - img :	 102718119901_黑色系_28.jpg upload wrong, message: "图片上传失败", status_code: 500
2018-07-21 12:58:14,816 - img :	 102718119901_黑色系_10.jpg upload wrong, message: "图片上传失败", status_code: 500
2018-07-21 12:58:15,689 - img :	 102718119901_黑色系_22.jpg upload wrong, message: "图片上传失败", status_code: 500
2018-07-21 12:58:15,998 - img :	 102718119901_黑色系_34.jpg upload wrong, message: "图片上传失败", status_code: 500
2018-07-21 12:58:16,551 - img :	 102718119901_黑色系_20.jpg upload wrong, message: "图片上传失败", status_code: 500
2018-07-21 12:58:16,955 - img :	 102718119901_黑色系_21.jpg upload wrong, message: "图片上传失败", status_code: 500
2018-07-21 12:58:17,427 - img :	 102718119901_黑色系_35.jpg upload wrong, message: "图片上传失败", status_code: 500
2018-07-21 12:58:17,881 - img :	 102718119901_黑色系_19.jpg upload wrong, message: "图片上传失败", status_code: 500
2018-07-21 12:58:18,188 - img :	 102718119901_黑色系_31.jpg upload wrong, message: "图片上传失败", status_code: 500
2018-07-21 12:58:18,519 - img :	 102718119901_黑色系_30.jpg upload wrong, message: "图片上传失败", status_code: 500
2018-07-21 12:58:18,838 - img :	 102718119901_黑色系_26.jpg upload wrong, message: "图片上传失败", status_code: 500
2018-07-21 12:58:19,170 - img :	 102718119901_黑色系_9.jpg upload wrong, message: "图片上传失败", status_code: 500
2018-07-21 12:58:19,544 - img :	 102718119901_黑色系_33.jpg upload wrong, message: "图片上传失败", status_code: 500
2018-07-21 12:58:19,551 - spu:	102718119901	上传了 0 张图
2018-07-21 12:58:19,552 - head_image:	init 	102718119901
2018-07-21 12:58:20,020 - img :	 103018257377_灰色系_2.jpg upload wrong, message: "图片上传失败", status_code: 500
2018-07-21 12:58:20,438 - img :	 103018257377_灰色系_23.jpg upload wrong, message: "图片上传失败", status_code: 500
2018-07-21 12:58:22,378 - img :	 103018257377_灰色系_20.jpg upload wrong, message: "图片上传失败", status_code: 500
